<?xml version="1.0" encoding="UTF-8"?>
<testng-results ignored="0" total="1" passed="1" failed="0" skipped="0">
  <reporter-output>
  </reporter-output>
  <suite started-at="2022-05-29T06:31:41Z" name="Suite" finished-at="2022-05-29T06:31:43Z" duration-ms="2242">
    <groups>
    </groups>
    <test started-at="2022-05-29T06:31:41Z" name="Test" finished-at="2022-05-29T06:31:43Z" duration-ms="2242">
      <class name="apiChaining.EndToEndTest">
        <test-method signature="test1()[pri:0, instance:apiChaining.EndToEndTest@4196c360]" started-at="2022-05-29T06:31:41Z" name="test1" finished-at="2022-05-29T06:31:43Z" duration-ms="2225" status="PASS">
          <reporter-output>
          </reporter-output>
        </test-method> <!-- test1 -->
      </class> <!-- apiChaining.EndToEndTest -->
    </test> <!-- Test -->
  </suite> <!-- Suite -->
</testng-results>
